----------------------------------------------------------------------------------------------------------------------
      name:  <unnamed>
       log:  C:/Users/jdmic/git/solar_stove/data/logs/controls.log
  log type:  text
 opened on:   1 Oct 2025, 12:41:19

. 
. * load set of control variables
.         import delimited        using           "$root/main_hh_covariates.csv", clear
(encoding automatically selected: ISO-8859-1)
(25 vars, 157 obs)

. 
.         
. *************************************************************************
. **# 1 - encode and label control variables
. *************************************************************************
. 
. * drop indicators variables created by natalia
.         drop                            village_cor_lealui village_cor_mapungu village_cor_nalitoya ///
>                                                         gender_men gender_women highest_grade_higher ///
>                                                         highest_grade_none highest_grade_primary ///
>                                                         highest_grade_secondary solar_stove_no solar_stove_yes ///
>                                                         aas_involvement_ag_nut aas_involvement_agriculture ///
>                                                         aas_involvement_none aas_involvement_nutrition

. 
. * encode string variables
.         gen                             Village = 0 if village == "Lealui" | ///
>                                                         village == "LeaLui" | village == "lealui"
(100 missing values generated)

.         replace                         Village = 1 if village == "Mapungu"
(37 real changes made)

.         replace                         Village = 2 if village == "Nalitoya"
(63 real changes made)

.         lab var                         Village "Village"

.         lab def                         village 0 "Village L" 1 "Village M" 2 "Village N"

.         lab val                         Village village

.         
.         drop                            village

.         rename                          Village village

.         order                           village         

. 
. * rename some control variables
.         rename                  cod hhid

.         lab var                 hhid "Household Identifier"

.         
.         rename                  tlu tli

.         lab var                 tli "Tropical Livestock Index"  

.         
.         rename                  phy_assets ai

.         lab var                 ai "Asset Index"

.         
. * convert gender
.         encode                  gender, gen(sex)

.         lab var                 sex "Gender of HOH"

.         drop                    gender

. 
. * encode age and household size
.         replace                 age_cal = "" if age_cal == "NA"
(2 real changes made)

.         destring                age_cal, gen(age)
age_cal: all characters numeric; age generated as byte
(2 missing values generated)

.         lab var                 age "Age of Head of Household"

.         drop                    age_cal

.         
.         replace                 hh_no = "" if hh_no == "NA"
(3 real changes made)

.         destring                hh_no, gen(hh_size)
hh_no: all characters numeric; hh_size generated as byte
(3 missing values generated)

.         lab var                 hh_size "Household Size"

.         drop                    hh_no

. 
. * convert education variable
.         gen                             edu = 0 if highest_grade == "None"
(151 missing values generated)

.         replace                 edu = 1 if highest_grade == "Primary"
(69 real changes made)

.         replace                 edu = 2 if highest_grade == "Secondary"
(76 real changes made)

.         replace                 edu = 3 if highest_grade == "Higher"
(6 real changes made)

.         replace                 edu = 0 if edu == .
(0 real changes made)

.         lab var                 edu "Educational Attainment"

.         lab def                 educ 0 "None" 1 "Primary" 2 "Secondary" 3 "Higher", replace

.         lab val                 edu educ

.         drop                    highest_grade

.         
. * create solar stove treatment indicator
.         gen                     solar = 0 if solar_stove == "No"
(61 missing values generated)

.         replace                 solar = 1 if solar_stove == "Yes"
(61 real changes made)

.         lab var                 solar "Treatment (Solar Stove)"

.         lab define              treatment 0 "Control" 1 "Treatment"

.         lab val                 solar treatment

.         drop                    solar_stove

.         
. * create AAS group indicator
.         gen                     aas = 0 if aas_involvement == "None"
(120 missing values generated)

.         replace                 aas = 1 if aas_involvement == "agriculture"
(9 real changes made)

.         replace                 aas = 2 if aas_involvement == "nutrition"
(56 real changes made)

.         replace                 aas = 3 if aas_involvement == "Ag_nut"
(55 real changes made)

.         lab var                 aas "AAS group"

.         lab define              AAS 0 "None" 1 "Learning Plot" 2 "Nutrition Club" 3 "Both"

.         lab val                 aas AAS

.         drop                    aas_involvement

.         
. 
. *************************************************************************
. **# 2 - clean up and save
. *************************************************************************
. 
. * order variables
.         order                   village hhid solar aas hh_size ai tli sex age edu

.         
. * save
.         compress
  variable village was float now byte
  variable solar was float now byte
  variable aas was float now byte
  variable sex was long now byte
  variable edu was float now byte
  (2,355 bytes saved)

.         save                    "$export/c_var.dta", replace
(file C:/Users/jdmic/git/solar_stove/data/refined/c_var.dta not found)
file C:/Users/jdmic/git/solar_stove/data/refined/c_var.dta saved

. 
. * close the log
.         log     close
      name:  <unnamed>
       log:  C:/Users/jdmic/git/solar_stove/data/logs/controls.log
  log type:  text
 closed on:   1 Oct 2025, 12:41:19
----------------------------------------------------------------------------------------------------------------------
----------------------------------------------------------------------------------------------------------------------
      name:  <unnamed>
       log:  C:/Users/jdmic/git/solar_stove/data/logs/controls.log
  log type:  text
 opened on:   1 Oct 2025, 12:44:05

. 
. * load set of control variables
.         import delimited        using           "$root/main_hh_covariates.csv", clear
(encoding automatically selected: ISO-8859-1)
(25 vars, 157 obs)

. 
.         
. *************************************************************************
. **# 1 - encode and label control variables
. *************************************************************************
. 
. * drop indicators variables created by natalia
.         drop                            village_cor_lealui village_cor_mapungu village_cor_nalitoya ///
>                                                         gender_men gender_women highest_grade_higher ///
>                                                         highest_grade_none highest_grade_primary ///
>                                                         highest_grade_secondary solar_stove_no solar_stove_yes ///
>                                                         aas_involvement_ag_nut aas_involvement_agriculture ///
>                                                         aas_involvement_none aas_involvement_nutrition

. 
. * encode string variables
.         gen                             Village = 0 if village == "Lealui" | ///
>                                                         village == "LeaLui" | village == "lealui"
(100 missing values generated)

.         replace                         Village = 1 if village == "Mapungu"
(37 real changes made)

.         replace                         Village = 2 if village == "Nalitoya"
(63 real changes made)

.         lab var                         Village "Village"

.         lab def                         village 0 "Village L" 1 "Village M" 2 "Village N"

.         lab val                         Village village

.         
.         drop                            village

.         rename                          Village village

.         order                           village         

. 
. * rename some control variables
.         rename                  cod hhid

.         lab var                 hhid "Household Identifier"

.         
.         rename                  tlu tli

.         lab var                 tli "Tropical Livestock Index"  

.         
.         rename                  phy_assets ai

.         lab var                 ai "Asset Index"

.         
. * convert gender
.         encode                  gender, gen(sex)

.         lab var                 sex "Gender of HOH"

.         drop                    gender

. 
. * encode age and household size
.         replace                 age_cal = "" if age_cal == "NA"
(2 real changes made)

.         destring                age_cal, gen(age)
age_cal: all characters numeric; age generated as byte
(2 missing values generated)

.         lab var                 age "Age of Head of Household"

.         drop                    age_cal

.         
.         replace                 hh_no = "" if hh_no == "NA"
(3 real changes made)

.         destring                hh_no, gen(hh_size)
hh_no: all characters numeric; hh_size generated as byte
(3 missing values generated)

.         lab var                 hh_size "Household Size"

.         drop                    hh_no

. 
. * convert education variable
.         gen                             edu = 0 if highest_grade == "None"
(151 missing values generated)

.         replace                 edu = 1 if highest_grade == "Primary"
(69 real changes made)

.         replace                 edu = 2 if highest_grade == "Secondary"
(76 real changes made)

.         replace                 edu = 3 if highest_grade == "Higher"
(6 real changes made)

.         replace                 edu = 0 if edu == .
(0 real changes made)

.         lab var                 edu "Educational Attainment"

.         lab def                 educ 0 "None" 1 "Primary" 2 "Secondary" 3 "Higher", replace

.         lab val                 edu educ

.         drop                    highest_grade

.         
. * create solar stove treatment indicator
.         gen                     solar = 0 if solar_stove == "No"
(61 missing values generated)

.         replace                 solar = 1 if solar_stove == "Yes"
(61 real changes made)

.         lab var                 solar "Treatment (Solar Stove)"

.         lab define              treatment 0 "Control" 1 "Treatment"

.         lab val                 solar treatment

.         drop                    solar_stove

.         
. * create AAS group indicator
.         gen                     aas = 0 if aas_involvement == "None"
(120 missing values generated)

.         replace                 aas = 1 if aas_involvement == "agriculture"
(9 real changes made)

.         replace                 aas = 2 if aas_involvement == "nutrition"
(56 real changes made)

.         replace                 aas = 3 if aas_involvement == "Ag_nut"
(55 real changes made)

.         lab var                 aas "AAS group"

.         lab define              AAS 0 "None" 1 "Learning Plot" 2 "Nutrition Club" 3 "Both"

.         lab val                 aas AAS

.         drop                    aas_involvement

.         
. 
. *************************************************************************
. **# 2 - clean up and save
. *************************************************************************
. 
. * order variables
.         order                   village hhid solar aas hh_size ai tli sex age edu

.         
. * save
.         compress
  variable village was float now byte
  variable solar was float now byte
  variable aas was float now byte
  variable sex was long now byte
  variable edu was float now byte
  (2,355 bytes saved)

.         save                    "$export/c_var.dta", replace
(file C:/Users/jdmic/git/solar_stove/data/refined/c_var.dta not found)
file C:/Users/jdmic/git/solar_stove/data/refined/c_var.dta saved

. 
. * close the log
.         log     close
      name:  <unnamed>
       log:  C:/Users/jdmic/git/solar_stove/data/logs/controls.log
  log type:  text
 closed on:   1 Oct 2025, 12:44:05
----------------------------------------------------------------------------------------------------------------------
----------------------------------------------------------------------------------------------------------------------
      name:  <unnamed>
       log:  C:/Users/jdmic/git/solar_stove/data/logs/controls.log
  log type:  text
 opened on:   1 Oct 2025, 12:45:51

. 
. * load set of control variables
.         import delimited        using           "$root/main_hh_covariates.csv", clear
(encoding automatically selected: ISO-8859-1)
(25 vars, 157 obs)

. 
.         
. *************************************************************************
. **# 1 - encode and label control variables
. *************************************************************************
. 
. * drop indicators variables created by natalia
.         drop                            village_cor_lealui village_cor_mapungu village_cor_nalitoya ///
>                                                         gender_men gender_women highest_grade_higher ///
>                                                         highest_grade_none highest_grade_primary ///
>                                                         highest_grade_secondary solar_stove_no solar_stove_yes ///
>                                                         aas_involvement_ag_nut aas_involvement_agriculture ///
>                                                         aas_involvement_none aas_involvement_nutrition

. 
. * encode string variables
.         gen                             Village = 0 if village == "Lealui" | ///
>                                                         village == "LeaLui" | village == "lealui"
(100 missing values generated)

.         replace                         Village = 1 if village == "Mapungu"
(37 real changes made)

.         replace                         Village = 2 if village == "Nalitoya"
(63 real changes made)

.         lab var                         Village "Village"

.         lab def                         village 0 "Village L" 1 "Village M" 2 "Village N"

.         lab val                         Village village

.         
.         drop                            village

.         rename                          Village village

.         order                           village         

. 
. * rename some control variables
.         rename                  cod hhid

.         lab var                 hhid "Household Identifier"

.         
.         rename                  tlu tli

.         lab var                 tli "Tropical Livestock Index"  

.         
.         rename                  phy_assets ai

.         lab var                 ai "Asset Index"

.         
. * convert gender
.         encode                  gender, gen(sex)

.         lab var                 sex "Gender of HOH"

.         drop                    gender

. 
. * encode age and household size
.         replace                 age_cal = "" if age_cal == "NA"
(2 real changes made)

.         destring                age_cal, gen(age)
age_cal: all characters numeric; age generated as byte
(2 missing values generated)

.         lab var                 age "Age of Head of Household"

.         drop                    age_cal

.         
.         replace                 hh_no = "" if hh_no == "NA"
(3 real changes made)

.         destring                hh_no, gen(hh_size)
hh_no: all characters numeric; hh_size generated as byte
(3 missing values generated)

.         lab var                 hh_size "Household Size"

.         drop                    hh_no

. 
. * convert education variable
.         gen                             edu = 0 if highest_grade == "None"
(151 missing values generated)

.         replace                 edu = 1 if highest_grade == "Primary"
(69 real changes made)

.         replace                 edu = 2 if highest_grade == "Secondary"
(76 real changes made)

.         replace                 edu = 3 if highest_grade == "Higher"
(6 real changes made)

.         replace                 edu = 0 if edu == .
(0 real changes made)

.         lab var                 edu "Educational Attainment"

.         lab def                 educ 0 "None" 1 "Primary" 2 "Secondary" 3 "Higher", replace

.         lab val                 edu educ

.         drop                    highest_grade

.         
. * create solar stove treatment indicator
.         gen                     solar = 0 if solar_stove == "No"
(61 missing values generated)

.         replace                 solar = 1 if solar_stove == "Yes"
(61 real changes made)

.         lab var                 solar "Treatment (Solar Stove)"

.         lab define              treatment 0 "Control" 1 "Treatment"

.         lab val                 solar treatment

.         drop                    solar_stove

.         
. * create AAS group indicator
.         gen                     aas = 0 if aas_involvement == "None"
(120 missing values generated)

.         replace                 aas = 1 if aas_involvement == "agriculture"
(9 real changes made)

.         replace                 aas = 2 if aas_involvement == "nutrition"
(56 real changes made)

.         replace                 aas = 3 if aas_involvement == "Ag_nut"
(55 real changes made)

.         lab var                 aas "AAS group"

.         lab define              AAS 0 "None" 1 "Learning Plot" 2 "Nutrition Club" 3 "Both"

.         lab val                 aas AAS

.         drop                    aas_involvement

.         
. 
. *************************************************************************
. **# 2 - clean up and save
. *************************************************************************
. 
. * order variables
.         order                   village hhid solar aas hh_size ai tli sex age edu

.         
. * save
.         compress
  variable village was float now byte
  variable solar was float now byte
  variable aas was float now byte
  variable sex was long now byte
  variable edu was float now byte
  (2,355 bytes saved)

.         save                    "$export/c_var.dta", replace
file C:/Users/jdmic/git/solar_stove/data/refined/c_var.dta saved

. 
. * close the log
.         log     close
      name:  <unnamed>
       log:  C:/Users/jdmic/git/solar_stove/data/logs/controls.log
  log type:  text
 closed on:   1 Oct 2025, 12:45:51
----------------------------------------------------------------------------------------------------------------------
----------------------------------------------------------------------------------------------------------------------
      name:  <unnamed>
       log:  C:/Users/jdmic/git/solar_stove/data/logs/controls.log
  log type:  text
 opened on:   1 Oct 2025, 12:49:20

. 
. * load set of control variables
.         import delimited        using           "$root/main_hh_covariates.csv", clear
(encoding automatically selected: ISO-8859-1)
(25 vars, 157 obs)

. 
.         
. *************************************************************************
. **# 1 - encode and label control variables
. *************************************************************************
. 
. * drop indicators variables created by natalia
.         drop                            village_cor_lealui village_cor_mapungu village_cor_nalitoya ///
>                                                         gender_men gender_women highest_grade_higher ///
>                                                         highest_grade_none highest_grade_primary ///
>                                                         highest_grade_secondary solar_stove_no solar_stove_yes ///
>                                                         aas_involvement_ag_nut aas_involvement_agriculture ///
>                                                         aas_involvement_none aas_involvement_nutrition

. 
. * encode string variables
.         gen                             Village = 0 if village == "Lealui" | ///
>                                                         village == "LeaLui" | village == "lealui"
(100 missing values generated)

.         replace                         Village = 1 if village == "Mapungu"
(37 real changes made)

.         replace                         Village = 2 if village == "Nalitoya"
(63 real changes made)

.         lab var                         Village "Village"

.         lab def                         village 0 "Village L" 1 "Village M" 2 "Village N"

.         lab val                         Village village

.         
.         drop                            village

.         rename                          Village village

.         order                           village         

. 
. * rename some control variables
.         rename                  cod hhid

.         lab var                 hhid "Household Identifier"

.         
.         rename                  tlu tli

.         lab var                 tli "Tropical Livestock Index"  

.         
.         rename                  phy_assets ai

.         lab var                 ai "Asset Index"

.         
. * convert gender
.         encode                  gender, gen(sex)

.         lab var                 sex "Gender of HOH"

.         drop                    gender

. 
. * encode age and household size
.         replace                 age_cal = "" if age_cal == "NA"
(2 real changes made)

.         destring                age_cal, gen(age)
age_cal: all characters numeric; age generated as byte
(2 missing values generated)

.         lab var                 age "Age of Head of Household"

.         drop                    age_cal

.         
.         replace                 hh_no = "" if hh_no == "NA"
(3 real changes made)

.         destring                hh_no, gen(hh_size)
hh_no: all characters numeric; hh_size generated as byte
(3 missing values generated)

.         lab var                 hh_size "Household Size"

.         drop                    hh_no

. 
. * convert education variable
.         gen                             edu = 0 if highest_grade == "None"
(151 missing values generated)

.         replace                 edu = 1 if highest_grade == "Primary"
(69 real changes made)

.         replace                 edu = 2 if highest_grade == "Secondary"
(76 real changes made)

.         replace                 edu = 3 if highest_grade == "Higher"
(6 real changes made)

.         replace                 edu = 0 if edu == .
(0 real changes made)

.         lab var                 edu "Educational Attainment"

.         lab def                 educ 0 "None" 1 "Primary" 2 "Secondary" 3 "Higher", replace

.         lab val                 edu educ

.         drop                    highest_grade

.         
. * create solar stove treatment indicator
.         gen                     solar = 0 if solar_stove == "No"
(61 missing values generated)

.         replace                 solar = 1 if solar_stove == "Yes"
(61 real changes made)

.         lab var                 solar "Treatment (Solar Stove)"

.         lab define              treatment 0 "Control" 1 "Treatment"

.         lab val                 solar treatment

.         drop                    solar_stove

.         
. * create AAS group indicator
.         gen                     aas = 0 if aas_involvement == "None"
(120 missing values generated)

.         replace                 aas = 1 if aas_involvement == "agriculture"
(9 real changes made)

.         replace                 aas = 2 if aas_involvement == "nutrition"
(56 real changes made)

.         replace                 aas = 3 if aas_involvement == "Ag_nut"
(55 real changes made)

.         lab var                 aas "AAS group"

.         lab define              AAS 0 "None" 1 "Learning Plot" 2 "Nutrition Club" 3 "Both"

.         lab val                 aas AAS

.         drop                    aas_involvement

.         
. 
. *************************************************************************
. **# 2 - clean up and save
. *************************************************************************
. 
. * order variables
.         order                   village hhid solar aas hh_size ai tli sex age edu

.         
. * save
.         compress
  variable village was float now byte
  variable solar was float now byte
  variable aas was float now byte
  variable sex was long now byte
  variable edu was float now byte
  (2,355 bytes saved)

.         save                    "$export/c_var.dta", replace
file C:/Users/jdmic/git/solar_stove/data/refined/c_var.dta saved

. 
. * close the log
.         log     close
      name:  <unnamed>
       log:  C:/Users/jdmic/git/solar_stove/data/logs/controls.log
  log type:  text
 closed on:   1 Oct 2025, 12:49:20
----------------------------------------------------------------------------------------------------------------------
